This file contains any messages produced by compilers while
running configure, to aid debugging if configure makes a mistake.

It was created by litmus configure 0.12.1, which was
generated by GNU Autoconf 2.61.  Invocation command line was

  $ ./configure 

## --------- ##
## Platform. ##
## --------- ##

hostname = xantus-t500
uname -m = i686
uname -r = 2.6.32-24-generic-pae
uname -s = Linux
uname -v = #43-Ubuntu SMP Thu Sep 16 15:30:27 UTC 2010

/usr/bin/uname -p = unknown
/bin/uname -X     = unknown

/bin/arch              = unknown
/usr/bin/arch -k       = unknown
/usr/convex/getsysinfo = unknown
/usr/bin/hostinfo      = unknown
/bin/machine           = unknown
/usr/bin/oslevel       = unknown
/bin/universe          = unknown

PATH: /home/xantus/bin
PATH: /usr/local/sbin
PATH: /usr/local/bin
PATH: /usr/sbin
PATH: /usr/bin
PATH: /sbin
PATH: /bin
PATH: /usr/games
PATH: ~/bin


## ----------- ##
## Core tests. ##
## ----------- ##

configure:1811: checking for gcc
configure:1827: found /usr/bin/gcc
configure:1838: result: gcc
configure:2076: checking for C compiler version
configure:2083: gcc --version >&5
gcc (Ubuntu 4.4.3-4ubuntu5) 4.4.3
Copyright (C) 2009 Free Software Foundation, Inc.
This is free software; see the source for copying conditions.  There is NO
warranty; not even for MERCHANTABILITY or FITNESS FOR A PARTICULAR PURPOSE.

configure:2086: $? = 0
configure:2093: gcc -v >&5
Using built-in specs.
Target: i486-linux-gnu
Configured with: ../src/configure -v --with-pkgversion='Ubuntu 4.4.3-4ubuntu5' --with-bugurl=file:///usr/share/doc/gcc-4.4/README.Bugs --enable-languages=c,c++,fortran,objc,obj-c++ --prefix=/usr --enable-shared --enable-multiarch --enable-linker-build-id --with-system-zlib --libexecdir=/usr/lib --without-included-gettext --enable-threads=posix --with-gxx-include-dir=/usr/include/c++/4.4 --program-suffix=-4.4 --enable-nls --enable-clocale=gnu --enable-libstdcxx-debug --enable-plugin --enable-objc-gc --enable-targets=all --disable-werror --with-arch-32=i486 --with-tune=generic --enable-checking=release --build=i486-linux-gnu --host=i486-linux-gnu --target=i486-linux-gnu
Thread model: posix
gcc version 4.4.3 (Ubuntu 4.4.3-4ubuntu5) 
configure:2096: $? = 0
configure:2103: gcc -V >&5
gcc: '-V' option must have argument
configure:2106: $? = 1
configure:2129: checking for C compiler default output file name
configure:2156: gcc    conftest.c  >&5
configure:2159: $? = 0
configure:2197: result: a.out
configure:2214: checking whether the C compiler works
configure:2224: ./a.out
configure:2227: $? = 0
configure:2244: result: yes
configure:2251: checking whether we are cross compiling
configure:2253: result: no
configure:2256: checking for suffix of executables
configure:2263: gcc -o conftest    conftest.c  >&5
configure:2266: $? = 0
configure:2290: result: 
configure:2296: checking for suffix of object files
configure:2322: gcc -c   conftest.c >&5
configure:2325: $? = 0
configure:2348: result: o
configure:2352: checking whether we are using the GNU C compiler
configure:2381: gcc -c   conftest.c >&5
configure:2387: $? = 0
configure:2404: result: yes
configure:2409: checking whether gcc accepts -g
configure:2439: gcc -c -g  conftest.c >&5
configure:2445: $? = 0
configure:2544: result: yes
configure:2561: checking for gcc option to accept ISO C89
configure:2635: gcc  -c -g -O2  conftest.c >&5
configure:2641: $? = 0
configure:2664: result: none needed
configure:2682: checking whether make sets $(MAKE)
configure:2703: result: yes
configure:2756: checking for a BSD-compatible install
configure:2812: result: /usr/bin/install -c
configure:2839: checking for library containing strerror
configure:2880: gcc -o conftest -g -O2   conftest.c  >&5
configure:2886: $? = 0
configure:2914: result: none required
configure:2922: checking for inline
configure:2948: gcc -c -g -O2  conftest.c >&5
configure:2954: $? = 0
configure:2972: result: inline
configure:2991: checking for an ANSI C-conforming const
configure:3066: gcc -c -g -O2  conftest.c >&5
configure:3072: $? = 0
configure:3087: result: yes
configure:3102: checking how to run the C preprocessor
configure:3142: gcc -E  conftest.c
configure:3148: $? = 0
configure:3179: gcc -E  conftest.c
conftest.c:9:28: error: ac_nonexistent.h: No such file or directory
configure:3185: $? = 1
configure: failed program was:
| /* confdefs.h.  */
| #define PACKAGE_NAME "litmus"
| #define PACKAGE_TARNAME "litmus"
| #define PACKAGE_VERSION "0.12.1"
| #define PACKAGE_STRING "litmus 0.12.1"
| #define PACKAGE_BUGREPORT "litmus@lists.manyfish.co.uk"
| #define _GNU_SOURCE 1
| /* end confdefs.h.  */
| #include <ac_nonexistent.h>
configure:3218: result: gcc -E
configure:3247: gcc -E  conftest.c
configure:3253: $? = 0
configure:3284: gcc -E  conftest.c
conftest.c:9:28: error: ac_nonexistent.h: No such file or directory
configure:3290: $? = 1
configure: failed program was:
| /* confdefs.h.  */
| #define PACKAGE_NAME "litmus"
| #define PACKAGE_TARNAME "litmus"
| #define PACKAGE_VERSION "0.12.1"
| #define PACKAGE_STRING "litmus 0.12.1"
| #define PACKAGE_BUGREPORT "litmus@lists.manyfish.co.uk"
| #define _GNU_SOURCE 1
| /* end confdefs.h.  */
| #include <ac_nonexistent.h>
configure:3328: checking for grep that handles long lines and -e
configure:3402: result: /bin/grep
configure:3407: checking for egrep
configure:3485: result: /bin/grep -E
configure:3490: checking for ANSI C header files
configure:3520: gcc -c -g -O2  conftest.c >&5
configure:3526: $? = 0
configure:3625: gcc -o conftest -g -O2   conftest.c  >&5
configure:3628: $? = 0
configure:3634: ./conftest
configure:3637: $? = 0
configure:3654: result: yes
configure:3678: checking for sys/types.h
configure:3699: gcc -c -g -O2  conftest.c >&5
configure:3705: $? = 0
configure:3721: result: yes
configure:3678: checking for sys/stat.h
configure:3699: gcc -c -g -O2  conftest.c >&5
configure:3705: $? = 0
configure:3721: result: yes
configure:3678: checking for stdlib.h
configure:3699: gcc -c -g -O2  conftest.c >&5
configure:3705: $? = 0
configure:3721: result: yes
configure:3678: checking for string.h
configure:3699: gcc -c -g -O2  conftest.c >&5
configure:3705: $? = 0
configure:3721: result: yes
configure:3678: checking for memory.h
configure:3699: gcc -c -g -O2  conftest.c >&5
configure:3705: $? = 0
configure:3721: result: yes
configure:3678: checking for strings.h
configure:3699: gcc -c -g -O2  conftest.c >&5
configure:3705: $? = 0
configure:3721: result: yes
configure:3678: checking for inttypes.h
configure:3699: gcc -c -g -O2  conftest.c >&5
configure:3705: $? = 0
configure:3721: result: yes
configure:3678: checking for stdint.h
configure:3699: gcc -c -g -O2  conftest.c >&5
configure:3705: $? = 0
configure:3721: result: yes
configure:3678: checking for unistd.h
configure:3699: gcc -c -g -O2  conftest.c >&5
configure:3705: $? = 0
configure:3721: result: yes
configure:3733: checking for size_t
configure:3763: gcc -c -g -O2  conftest.c >&5
configure:3769: $? = 0
configure:3784: result: yes
configure:3796: checking for off_t
configure:3826: gcc -c -g -O2  conftest.c >&5
configure:3832: $? = 0
configure:3847: result: yes
configure:3861: checking for uname
configure:3870: result: Linux
configure:3883: checking for int
configure:3913: gcc -c -g -O2  conftest.c >&5
configure:3919: $? = 0
configure:3934: result: yes
configure:3941: checking size of int
configure:4243: gcc -o conftest -g -O2   conftest.c  >&5
configure:4246: $? = 0
configure:4252: ./conftest
configure:4255: $? = 0
configure:4278: result: 4
configure:4288: checking for long
configure:4318: gcc -c -g -O2  conftest.c >&5
configure:4324: $? = 0
configure:4339: result: yes
configure:4346: checking size of long
configure:4648: gcc -o conftest -g -O2   conftest.c  >&5
configure:4651: $? = 0
configure:4657: ./conftest
configure:4660: $? = 0
configure:4683: result: 4
configure:4693: checking for long long
configure:4723: gcc -c -g -O2  conftest.c >&5
configure:4729: $? = 0
configure:4744: result: yes
configure:4751: checking size of long long
configure:5053: gcc -o conftest -g -O2   conftest.c  >&5
configure:5056: $? = 0
configure:5062: ./conftest
configure:5065: $? = 0
configure:5088: result: 8
configure:5099: checking for gcc -Wformat -Werror sanity
configure:5130: gcc -c -g -O2  -Wformat -Werror conftest.c >&5
configure:5136: $? = 0
configure:5152: result: yes
configure:5195: checking errno.h usability
configure:5212: gcc -c -g -O2  conftest.c >&5
configure:5218: $? = 0
configure:5232: result: yes
configure:5236: checking errno.h presence
configure:5251: gcc -E  conftest.c
configure:5257: $? = 0
configure:5271: result: yes
configure:5304: checking for errno.h
configure:5312: result: yes
configure:5195: checking stdarg.h usability
configure:5212: gcc -c -g -O2  conftest.c >&5
configure:5218: $? = 0
configure:5232: result: yes
configure:5236: checking stdarg.h presence
configure:5251: gcc -E  conftest.c
configure:5257: $? = 0
configure:5271: result: yes
configure:5304: checking for stdarg.h
configure:5312: result: yes
configure:5185: checking for string.h
configure:5191: result: yes
configure:5185: checking for stdlib.h
configure:5191: result: yes
configure:5330: checking for size_t
configure:5383: result: yes
configure:5390: checking size of size_t
configure:5704: gcc -o conftest -g -O2   conftest.c  >&5
configure:5707: $? = 0
configure:5713: ./conftest
configure:5716: $? = 0
configure:5739: result: 4
configure:5754: checking how to print size_t
configure:5789: gcc -c -g -O2  -Wformat -Werror conftest.c >&5
configure:5795: $? = 0
configure:5822: result: u
configure:5840: checking for off_t
configure:5893: result: yes
configure:5900: checking size of off_t
configure:6214: gcc -o conftest -g -O2   conftest.c  >&5
configure:6217: $? = 0
configure:6223: ./conftest
configure:6226: $? = 0
configure:6249: result: 4
configure:6264: checking how to print off_t
configure:6299: gcc -c -g -O2  -Wformat -Werror conftest.c >&5
cc1: warnings being treated as errors
conftest.c: In function 'main':
conftest.c:35: error: format '%d' expects type 'int', but argument 2 has type 'off_t'
configure:6305: $? = 1
configure: failed program was:
| /* confdefs.h.  */
| #define PACKAGE_NAME "litmus"
| #define PACKAGE_TARNAME "litmus"
| #define PACKAGE_VERSION "0.12.1"
| #define PACKAGE_STRING "litmus 0.12.1"
| #define PACKAGE_BUGREPORT "litmus@lists.manyfish.co.uk"
| #define _GNU_SOURCE 1
| #define STDC_HEADERS 1
| #define HAVE_SYS_TYPES_H 1
| #define HAVE_SYS_STAT_H 1
| #define HAVE_STDLIB_H 1
| #define HAVE_STRING_H 1
| #define HAVE_MEMORY_H 1
| #define HAVE_STRINGS_H 1
| #define HAVE_INTTYPES_H 1
| #define HAVE_STDINT_H 1
| #define HAVE_UNISTD_H 1
| #define SIZEOF_INT 4
| #define SIZEOF_LONG 4
| #define SIZEOF_LONG_LONG 8
| #define HAVE_ERRNO_H 1
| #define HAVE_STDARG_H 1
| #define HAVE_STRING_H 1
| #define HAVE_STDLIB_H 1
| #define SIZEOF_SIZE_T 4
| #define NE_FMT_SIZE_T "u"
| #define SIZEOF_OFF_T 4
| /* end confdefs.h.  */
| #include <sys/types.h>
| 
| #include <stdio.h>
| int
| main ()
| {
| off_t i = 1; printf("%d", i);
|   ;
|   return 0;
| }
configure:6299: gcc -c -g -O2  -Wformat -Werror conftest.c >&5
configure:6305: $? = 0
configure:6332: result: ld
configure:6351: checking for ssize_t
configure:6383: gcc -c -g -O2  conftest.c >&5
configure:6389: $? = 0
configure:6404: result: yes
configure:6411: checking size of ssize_t
configure:6725: gcc -o conftest -g -O2   conftest.c  >&5
configure:6728: $? = 0
configure:6734: ./conftest
configure:6737: $? = 0
configure:6760: result: 4
configure:6775: checking how to print ssize_t
configure:6810: gcc -c -g -O2  -Wformat -Werror conftest.c >&5
configure:6816: $? = 0
configure:6843: result: d
configure:6865: checking for time_t
configure:6900: gcc -c -g -O2  conftest.c >&5
configure:6906: $? = 0
configure:6921: result: yes
configure:6928: checking size of time_t
configure:7260: gcc -o conftest -g -O2   conftest.c  >&5
configure:7263: $? = 0
configure:7269: ./conftest
configure:7272: $? = 0
configure:7295: result: 4
configure:7310: checking how to print time_t
configure:7348: gcc -c -g -O2  -Wformat -Werror conftest.c >&5
cc1: warnings being treated as errors
conftest.c: In function 'main':
conftest.c:42: error: format '%d' expects type 'int', but argument 2 has type 'time_t'
configure:7354: $? = 1
configure: failed program was:
| /* confdefs.h.  */
| #define PACKAGE_NAME "litmus"
| #define PACKAGE_TARNAME "litmus"
| #define PACKAGE_VERSION "0.12.1"
| #define PACKAGE_STRING "litmus 0.12.1"
| #define PACKAGE_BUGREPORT "litmus@lists.manyfish.co.uk"
| #define _GNU_SOURCE 1
| #define STDC_HEADERS 1
| #define HAVE_SYS_TYPES_H 1
| #define HAVE_SYS_STAT_H 1
| #define HAVE_STDLIB_H 1
| #define HAVE_STRING_H 1
| #define HAVE_MEMORY_H 1
| #define HAVE_STRINGS_H 1
| #define HAVE_INTTYPES_H 1
| #define HAVE_STDINT_H 1
| #define HAVE_UNISTD_H 1
| #define SIZEOF_INT 4
| #define SIZEOF_LONG 4
| #define SIZEOF_LONG_LONG 8
| #define HAVE_ERRNO_H 1
| #define HAVE_STDARG_H 1
| #define HAVE_STRING_H 1
| #define HAVE_STDLIB_H 1
| #define SIZEOF_SIZE_T 4
| #define NE_FMT_SIZE_T "u"
| #define SIZEOF_OFF_T 4
| #define NE_FMT_OFF_T "ld"
| #define SIZEOF_SSIZE_T 4
| #define NE_FMT_SSIZE_T "d"
| #define SIZEOF_TIME_T 4
| /* end confdefs.h.  */
| #include <sys/types.h>
| 
| #ifdef HAVE_SYS_TIME_H
| #include <sys/time.h>
| #endif
| #include <stdio.h>
| int
| main ()
| {
| time_t i = 1; printf("%d", i);
|   ;
|   return 0;
| }
configure:7348: gcc -c -g -O2  -Wformat -Werror conftest.c >&5
configure:7354: $? = 0
configure:7381: result: ld
configure:7397: checking for pid_t
configure:7427: gcc -c -g -O2  conftest.c >&5
configure:7433: $? = 0
configure:7448: result: yes
configure:7460: checking whether time.h and sys/time.h may both be included
configure:7490: gcc -c -g -O2  conftest.c >&5
configure:7496: $? = 0
configure:7511: result: yes
configure:7571: checking for ar
configure:7589: found /usr/bin/ar
configure:7601: result: /usr/bin/ar
configure:7678: checking for ranlib
configure:7696: found /usr/bin/ranlib
configure:7708: result: /usr/bin/ranlib
configure:7763: checking sys/time.h usability
configure:7780: gcc -c -g -O2  conftest.c >&5
configure:7786: $? = 0
configure:7800: result: yes
configure:7804: checking sys/time.h presence
configure:7819: gcc -E  conftest.c
configure:7825: $? = 0
configure:7839: result: yes
configure:7872: checking for sys/time.h
configure:7880: result: yes
configure:7753: checking for stdint.h
configure:7759: result: yes
configure:7763: checking locale.h usability
configure:7780: gcc -c -g -O2  conftest.c >&5
configure:7786: $? = 0
configure:7800: result: yes
configure:7804: checking locale.h presence
configure:7819: gcc -E  conftest.c
configure:7825: $? = 0
configure:7839: result: yes
configure:7872: checking for locale.h
configure:7880: result: yes
configure:7902: checking for pipe
configure:7958: gcc -o conftest -g -O2   conftest.c  >&5
configure:7964: $? = 0
configure:7982: result: yes
configure:7902: checking for isatty
configure:7958: gcc -o conftest -g -O2   conftest.c  >&5
configure:7964: $? = 0
configure:7982: result: yes
configure:7902: checking for usleep
configure:7958: gcc -o conftest -g -O2   conftest.c  >&5
configure:7964: $? = 0
configure:7982: result: yes
configure:7902: checking for shutdown
configure:7958: gcc -o conftest -g -O2   conftest.c  >&5
configure:7964: $? = 0
configure:7982: result: yes
configure:7902: checking for setlocale
configure:7958: gcc -o conftest -g -O2   conftest.c  >&5
configure:7964: $? = 0
configure:7982: result: yes
configure:7996: checking whether byte ordering is bigendian
configure:8029: gcc -c -g -O2  conftest.c >&5
configure:8035: $? = 0
configure:8067: gcc -c -g -O2  conftest.c >&5
conftest.c: In function 'main':
conftest.c:50: error: 'not' undeclared (first use in this function)
conftest.c:50: error: (Each undeclared identifier is reported only once
conftest.c:50: error: for each function it appears in.)
conftest.c:50: error: expected ';' before 'big'
configure:8073: $? = 1
configure: failed program was:
| /* confdefs.h.  */
| #define PACKAGE_NAME "litmus"
| #define PACKAGE_TARNAME "litmus"
| #define PACKAGE_VERSION "0.12.1"
| #define PACKAGE_STRING "litmus 0.12.1"
| #define PACKAGE_BUGREPORT "litmus@lists.manyfish.co.uk"
| #define _GNU_SOURCE 1
| #define STDC_HEADERS 1
| #define HAVE_SYS_TYPES_H 1
| #define HAVE_SYS_STAT_H 1
| #define HAVE_STDLIB_H 1
| #define HAVE_STRING_H 1
| #define HAVE_MEMORY_H 1
| #define HAVE_STRINGS_H 1
| #define HAVE_INTTYPES_H 1
| #define HAVE_STDINT_H 1
| #define HAVE_UNISTD_H 1
| #define SIZEOF_INT 4
| #define SIZEOF_LONG 4
| #define SIZEOF_LONG_LONG 8
| #define HAVE_ERRNO_H 1
| #define HAVE_STDARG_H 1
| #define HAVE_STRING_H 1
| #define HAVE_STDLIB_H 1
| #define SIZEOF_SIZE_T 4
| #define NE_FMT_SIZE_T "u"
| #define SIZEOF_OFF_T 4
| #define NE_FMT_OFF_T "ld"
| #define SIZEOF_SSIZE_T 4
| #define NE_FMT_SSIZE_T "d"
| #define SIZEOF_TIME_T 4
| #define NE_FMT_TIME_T "ld"
| #define TIME_WITH_SYS_TIME 1
| #define HAVE_SYS_TIME_H 1
| #define HAVE_STDINT_H 1
| #define HAVE_LOCALE_H 1
| #define HAVE_PIPE 1
| #define HAVE_ISATTY 1
| #define HAVE_USLEEP 1
| #define HAVE_SHUTDOWN 1
| #define HAVE_SETLOCALE 1
| /* end confdefs.h.  */
| #include <sys/types.h>
| #include <sys/param.h>
| 
| int
| main ()
| {
| #if BYTE_ORDER != BIG_ENDIAN
|  not big endian
| #endif
| 
|   ;
|   return 0;
| }
configure:8213: result: no
configure:8232: checking whether strerror_r is declared
configure:8261: gcc -c -g -O2  conftest.c >&5
configure:8267: $? = 0
configure:8282: result: yes
configure:8304: checking for strerror_r
configure:8360: gcc -o conftest -g -O2   conftest.c  >&5
configure:8366: $? = 0
configure:8384: result: yes
configure:8394: checking whether strerror_r returns char *
configure:8428: gcc -c -g -O2  conftest.c >&5
configure:8434: $? = 0
configure:8510: result: yes
configure:8526: checking for snprintf
configure:8582: gcc -o conftest -g -O2   conftest.c  >&5
conftest.c:69: warning: conflicting types for built-in function 'snprintf'
configure:8588: $? = 0
configure:8606: result: yes
configure:8526: checking for vsnprintf
configure:8582: gcc -o conftest -g -O2   conftest.c  >&5
conftest.c:70: warning: conflicting types for built-in function 'vsnprintf'
configure:8588: $? = 0
configure:8606: result: yes
configure:8895: checking for neon-config
configure:8926: result: none
configure:8935: no external neon library found
configure:10590: using bundled neon (0.28.4)
configure:10619: checking for sys/time.h
configure:10666: result: yes
configure:10619: checking for limits.h
configure:10644: gcc -c -g -O2  conftest.c >&5
configure:10650: $? = 0
configure:10666: result: yes
configure:10619: checking for sys/select.h
configure:10644: gcc -c -g -O2  conftest.c >&5
configure:10650: $? = 0
configure:10666: result: yes
configure:10619: checking for arpa/inet.h
configure:10644: gcc -c -g -O2  conftest.c >&5
configure:10650: $? = 0
configure:10666: result: yes
configure:10619: checking for libintl.h
configure:10644: gcc -c -g -O2  conftest.c >&5
configure:10650: $? = 0
configure:10666: result: yes
configure:10619: checking for signal.h
configure:10644: gcc -c -g -O2  conftest.c >&5
configure:10650: $? = 0
configure:10666: result: yes
configure:10619: checking for sys/socket.h
configure:10644: gcc -c -g -O2  conftest.c >&5
configure:10650: $? = 0
configure:10666: result: yes
configure:10619: checking for netinet/in.h
configure:10644: gcc -c -g -O2  conftest.c >&5
configure:10650: $? = 0
configure:10666: result: yes
configure:10619: checking for netinet/tcp.h
configure:10644: gcc -c -g -O2  conftest.c >&5
configure:10650: $? = 0
configure:10666: result: yes
configure:10619: checking for netdb.h
configure:10644: gcc -c -g -O2  conftest.c >&5
configure:10650: $? = 0
configure:10666: result: yes
configure:10619: checking for sys/poll.h
configure:10644: gcc -c -g -O2  conftest.c >&5
configure:10650: $? = 0
configure:10666: result: yes
configure:10619: checking for sys/limits.h
configure:10644: gcc -c -g -O2  conftest.c >&5
conftest.c:101:24: error: sys/limits.h: No such file or directory
configure:10650: $? = 1
configure: failed program was:
| /* confdefs.h.  */
| #define PACKAGE_NAME "litmus"
| #define PACKAGE_TARNAME "litmus"
| #define PACKAGE_VERSION "0.12.1"
| #define PACKAGE_STRING "litmus 0.12.1"
| #define PACKAGE_BUGREPORT "litmus@lists.manyfish.co.uk"
| #define _GNU_SOURCE 1
| #define STDC_HEADERS 1
| #define HAVE_SYS_TYPES_H 1
| #define HAVE_SYS_STAT_H 1
| #define HAVE_STDLIB_H 1
| #define HAVE_STRING_H 1
| #define HAVE_MEMORY_H 1
| #define HAVE_STRINGS_H 1
| #define HAVE_INTTYPES_H 1
| #define HAVE_STDINT_H 1
| #define HAVE_UNISTD_H 1
| #define SIZEOF_INT 4
| #define SIZEOF_LONG 4
| #define SIZEOF_LONG_LONG 8
| #define HAVE_ERRNO_H 1
| #define HAVE_STDARG_H 1
| #define HAVE_STRING_H 1
| #define HAVE_STDLIB_H 1
| #define SIZEOF_SIZE_T 4
| #define NE_FMT_SIZE_T "u"
| #define SIZEOF_OFF_T 4
| #define NE_FMT_OFF_T "ld"
| #define SIZEOF_SSIZE_T 4
| #define NE_FMT_SSIZE_T "d"
| #define SIZEOF_TIME_T 4
| #define NE_FMT_TIME_T "ld"
| #define TIME_WITH_SYS_TIME 1
| #define HAVE_SYS_TIME_H 1
| #define HAVE_STDINT_H 1
| #define HAVE_LOCALE_H 1
| #define HAVE_PIPE 1
| #define HAVE_ISATTY 1
| #define HAVE_USLEEP 1
| #define HAVE_SHUTDOWN 1
| #define HAVE_SETLOCALE 1
| #define HAVE_DECL_STRERROR_R 1
| #define HAVE_STRERROR_R 1
| #define STRERROR_R_CHAR_P 1
| #define HAVE_SNPRINTF 1
| #define HAVE_VSNPRINTF 1
| #define NEON_VERSION "0.28.4"
| #define NE_VERSION_MAJOR (0)
| #define NE_VERSION_MINOR (28)
| #define NE_VERSION_PATCH (4)
| #define HAVE_SYS_TIME_H 1
| #define HAVE_LIMITS_H 1
| #define HAVE_SYS_SELECT_H 1
| #define HAVE_ARPA_INET_H 1
| #define HAVE_LIBINTL_H 1
| #define HAVE_SIGNAL_H 1
| #define HAVE_SYS_SOCKET_H 1
| #define HAVE_NETINET_IN_H 1
| #define HAVE_NETINET_TCP_H 1
| #define HAVE_NETDB_H 1
| #define HAVE_SYS_POLL_H 1
| /* end confdefs.h.  */
| #include <stdio.h>
| #ifdef HAVE_SYS_TYPES_H
| # include <sys/types.h>
| #endif
| #ifdef HAVE_SYS_STAT_H
| # include <sys/stat.h>
| #endif
| #ifdef STDC_HEADERS
| # include <stdlib.h>
| # include <stddef.h>
| #else
| # ifdef HAVE_STDLIB_H
| #  include <stdlib.h>
| # endif
| #endif
| #ifdef HAVE_STRING_H
| # if !defined STDC_HEADERS && defined HAVE_MEMORY_H
| #  include <memory.h>
| # endif
| # include <string.h>
| #endif
| #ifdef HAVE_STRINGS_H
| # include <strings.h>
| #endif
| #ifdef HAVE_INTTYPES_H
| # include <inttypes.h>
| #endif
| #ifdef HAVE_STDINT_H
| # include <stdint.h>
| #endif
| #ifdef HAVE_UNISTD_H
| # include <unistd.h>
| #endif
| /* netinet/tcp.h requires netinet/in.h on some platforms. */
| #ifdef HAVE_NETINET_IN_H
| #include <netinet/in.h>
| #endif
| 
| #include <sys/limits.h>
configure:10666: result: no
configure:10619: checking for fcntl.h
configure:10644: gcc -c -g -O2  conftest.c >&5
configure:10650: $? = 0
configure:10666: result: yes
configure:10619: checking for iconv.h
configure:10644: gcc -c -g -O2  conftest.c >&5
configure:10650: $? = 0
configure:10666: result: yes
configure:10680: checking for timezone global
configure:10708: gcc -o conftest -g -O2   conftest.c  >&5
configure:10714: $? = 0
configure:10731: result: yes
configure:10875: checking for off64_t
configure:10905: gcc -c -g -O2  -D_LARGEFILE64_SOURCE conftest.c >&5
configure:10911: $? = 0
configure:10926: result: yes
configure:10934: checking for off64_t
configure:10987: result: yes
configure:10994: checking size of off64_t
configure:11308: gcc -o conftest -g -O2  -D_LARGEFILE64_SOURCE  conftest.c  >&5
configure:11311: $? = 0
configure:11317: ./conftest
configure:11320: $? = 0
configure:11343: result: 8
configure:11358: checking how to print off64_t
configure:11393: gcc -c -g -O2  -D_LARGEFILE64_SOURCE -Wformat -Werror conftest.c >&5
cc1: warnings being treated as errors
conftest.c: In function 'main':
conftest.c:73: error: format '%d' expects type 'int', but argument 2 has type 'off64_t'
configure:11399: $? = 1
configure: failed program was:
| /* confdefs.h.  */
| #define PACKAGE_NAME "litmus"
| #define PACKAGE_TARNAME "litmus"
| #define PACKAGE_VERSION "0.12.1"
| #define PACKAGE_STRING "litmus 0.12.1"
| #define PACKAGE_BUGREPORT "litmus@lists.manyfish.co.uk"
| #define _GNU_SOURCE 1
| #define STDC_HEADERS 1
| #define HAVE_SYS_TYPES_H 1
| #define HAVE_SYS_STAT_H 1
| #define HAVE_STDLIB_H 1
| #define HAVE_STRING_H 1
| #define HAVE_MEMORY_H 1
| #define HAVE_STRINGS_H 1
| #define HAVE_INTTYPES_H 1
| #define HAVE_STDINT_H 1
| #define HAVE_UNISTD_H 1
| #define SIZEOF_INT 4
| #define SIZEOF_LONG 4
| #define SIZEOF_LONG_LONG 8
| #define HAVE_ERRNO_H 1
| #define HAVE_STDARG_H 1
| #define HAVE_STRING_H 1
| #define HAVE_STDLIB_H 1
| #define SIZEOF_SIZE_T 4
| #define NE_FMT_SIZE_T "u"
| #define SIZEOF_OFF_T 4
| #define NE_FMT_OFF_T "ld"
| #define SIZEOF_SSIZE_T 4
| #define NE_FMT_SSIZE_T "d"
| #define SIZEOF_TIME_T 4
| #define NE_FMT_TIME_T "ld"
| #define TIME_WITH_SYS_TIME 1
| #define HAVE_SYS_TIME_H 1
| #define HAVE_STDINT_H 1
| #define HAVE_LOCALE_H 1
| #define HAVE_PIPE 1
| #define HAVE_ISATTY 1
| #define HAVE_USLEEP 1
| #define HAVE_SHUTDOWN 1
| #define HAVE_SETLOCALE 1
| #define HAVE_DECL_STRERROR_R 1
| #define HAVE_STRERROR_R 1
| #define STRERROR_R_CHAR_P 1
| #define HAVE_SNPRINTF 1
| #define HAVE_VSNPRINTF 1
| #define NEON_VERSION "0.28.4"
| #define NE_VERSION_MAJOR (0)
| #define NE_VERSION_MINOR (28)
| #define NE_VERSION_PATCH (4)
| #define HAVE_SYS_TIME_H 1
| #define HAVE_LIMITS_H 1
| #define HAVE_SYS_SELECT_H 1
| #define HAVE_ARPA_INET_H 1
| #define HAVE_LIBINTL_H 1
| #define HAVE_SIGNAL_H 1
| #define HAVE_SYS_SOCKET_H 1
| #define HAVE_NETINET_IN_H 1
| #define HAVE_NETINET_TCP_H 1
| #define HAVE_NETDB_H 1
| #define HAVE_SYS_POLL_H 1
| #define HAVE_FCNTL_H 1
| #define HAVE_ICONV_H 1
| #define HAVE_TIMEZONE 1
| #define SIZEOF_OFF64_T 8
| /* end confdefs.h.  */
| #include <sys/types.h>
| 
| #include <stdio.h>
| int
| main ()
| {
| off64_t i = 1; printf("%d", i);
|   ;
|   return 0;
| }
configure:11393: gcc -c -g -O2  -D_LARGEFILE64_SOURCE -Wformat -Werror conftest.c >&5
cc1: warnings being treated as errors
conftest.c: In function 'main':
conftest.c:73: error: format '%ld' expects type 'long int', but argument 2 has type 'off64_t'
configure:11399: $? = 1
configure: failed program was:
| /* confdefs.h.  */
| #define PACKAGE_NAME "litmus"
| #define PACKAGE_TARNAME "litmus"
| #define PACKAGE_VERSION "0.12.1"
| #define PACKAGE_STRING "litmus 0.12.1"
| #define PACKAGE_BUGREPORT "litmus@lists.manyfish.co.uk"
| #define _GNU_SOURCE 1
| #define STDC_HEADERS 1
| #define HAVE_SYS_TYPES_H 1
| #define HAVE_SYS_STAT_H 1
| #define HAVE_STDLIB_H 1
| #define HAVE_STRING_H 1
| #define HAVE_MEMORY_H 1
| #define HAVE_STRINGS_H 1
| #define HAVE_INTTYPES_H 1
| #define HAVE_STDINT_H 1
| #define HAVE_UNISTD_H 1
| #define SIZEOF_INT 4
| #define SIZEOF_LONG 4
| #define SIZEOF_LONG_LONG 8
| #define HAVE_ERRNO_H 1
| #define HAVE_STDARG_H 1
| #define HAVE_STRING_H 1
| #define HAVE_STDLIB_H 1
| #define SIZEOF_SIZE_T 4
| #define NE_FMT_SIZE_T "u"
| #define SIZEOF_OFF_T 4
| #define NE_FMT_OFF_T "ld"
| #define SIZEOF_SSIZE_T 4
| #define NE_FMT_SSIZE_T "d"
| #define SIZEOF_TIME_T 4
| #define NE_FMT_TIME_T "ld"
| #define TIME_WITH_SYS_TIME 1
| #define HAVE_SYS_TIME_H 1
| #define HAVE_STDINT_H 1
| #define HAVE_LOCALE_H 1
| #define HAVE_PIPE 1
| #define HAVE_ISATTY 1
| #define HAVE_USLEEP 1
| #define HAVE_SHUTDOWN 1
| #define HAVE_SETLOCALE 1
| #define HAVE_DECL_STRERROR_R 1
| #define HAVE_STRERROR_R 1
| #define STRERROR_R_CHAR_P 1
| #define HAVE_SNPRINTF 1
| #define HAVE_VSNPRINTF 1
| #define NEON_VERSION "0.28.4"
| #define NE_VERSION_MAJOR (0)
| #define NE_VERSION_MINOR (28)
| #define NE_VERSION_PATCH (4)
| #define HAVE_SYS_TIME_H 1
| #define HAVE_LIMITS_H 1
| #define HAVE_SYS_SELECT_H 1
| #define HAVE_ARPA_INET_H 1
| #define HAVE_LIBINTL_H 1
| #define HAVE_SIGNAL_H 1
| #define HAVE_SYS_SOCKET_H 1
| #define HAVE_NETINET_IN_H 1
| #define HAVE_NETINET_TCP_H 1
| #define HAVE_NETDB_H 1
| #define HAVE_SYS_POLL_H 1
| #define HAVE_FCNTL_H 1
| #define HAVE_ICONV_H 1
| #define HAVE_TIMEZONE 1
| #define SIZEOF_OFF64_T 8
| /* end confdefs.h.  */
| #include <sys/types.h>
| 
| #include <stdio.h>
| int
| main ()
| {
| off64_t i = 1; printf("%ld", i);
|   ;
|   return 0;
| }
configure:11393: gcc -c -g -O2  -D_LARGEFILE64_SOURCE -Wformat -Werror conftest.c >&5
configure:11399: $? = 0
configure:11426: result: lld
configure:11447: checking for strtoll
configure:11503: gcc -o conftest -g -O2  -D_LARGEFILE64_SOURCE  conftest.c  >&5
configure:11509: $? = 0
configure:11527: result: yes
configure:11542: checking for lseek64
configure:11598: gcc -o conftest -g -O2  -D_LARGEFILE64_SOURCE  conftest.c  >&5
configure:11604: $? = 0
configure:11622: result: yes
configure:11542: checking for fstat64
configure:11598: gcc -o conftest -g -O2  -D_LARGEFILE64_SOURCE  conftest.c  >&5
configure:11604: $? = 0
configure:11622: result: yes
configure:11644: LFS (large file) support enabled
configure:11691: checking for strcasecmp
configure:11747: gcc -o conftest -g -O2  -D_LARGEFILE64_SOURCE -DNE_LFS  conftest.c  >&5
conftest.c:96: warning: conflicting types for built-in function 'strcasecmp'
configure:11753: $? = 0
configure:11771: result: yes
configure:11800: checking for signal
configure:11856: gcc -o conftest -g -O2  -D_LARGEFILE64_SOURCE -DNE_LFS  conftest.c  >&5
configure:11862: $? = 0
configure:11880: result: yes
configure:11800: checking for setvbuf
configure:11856: gcc -o conftest -g -O2  -D_LARGEFILE64_SOURCE -DNE_LFS  conftest.c  >&5
configure:11862: $? = 0
configure:11880: result: yes
configure:11800: checking for setsockopt
configure:11856: gcc -o conftest -g -O2  -D_LARGEFILE64_SOURCE -DNE_LFS  conftest.c  >&5
configure:11862: $? = 0
configure:11880: result: yes
configure:11800: checking for stpcpy
configure:11856: gcc -o conftest -g -O2  -D_LARGEFILE64_SOURCE -DNE_LFS  conftest.c  >&5
conftest.c:100: warning: conflicting types for built-in function 'stpcpy'
configure:11862: $? = 0
configure:11880: result: yes
configure:11800: checking for poll
configure:11856: gcc -o conftest -g -O2  -D_LARGEFILE64_SOURCE -DNE_LFS  conftest.c  >&5
configure:11862: $? = 0
configure:11880: result: yes
configure:11800: checking for fcntl
configure:11856: gcc -o conftest -g -O2  -D_LARGEFILE64_SOURCE -DNE_LFS  conftest.c  >&5
configure:11862: $? = 0
configure:11880: result: yes
configure:11800: checking for getsockopt
configure:11856: gcc -o conftest -g -O2  -D_LARGEFILE64_SOURCE -DNE_LFS  conftest.c  >&5
configure:11862: $? = 0
configure:11880: result: yes
configure:11900: checking whether stpcpy is declared
configure:11929: gcc -c -g -O2  -D_LARGEFILE64_SOURCE -DNE_LFS conftest.c >&5
configure:11935: $? = 0
configure:11950: result: yes
configure:11980: checking for library containing socket
configure:12007: gcc -o conftest -g -O2  -D_LARGEFILE64_SOURCE -DNE_LFS  conftest.c  >&5
configure:12013: $? = 0
configure:12086: result: none needed
configure:12106: checking for library containing getaddrinfo
configure:12133: gcc -o conftest -g -O2  -D_LARGEFILE64_SOURCE -DNE_LFS  conftest.c  >&5
configure:12139: $? = 0
configure:12212: result: none needed
configure:12235: checking for gai_strerror
configure:12291: gcc -o conftest -g -O2  -D_LARGEFILE64_SOURCE -DNE_LFS  conftest.c   >&5
configure:12297: $? = 0
configure:12315: result: yes
configure:12235: checking for getnameinfo
configure:12291: gcc -o conftest -g -O2  -D_LARGEFILE64_SOURCE -DNE_LFS  conftest.c   >&5
configure:12297: $? = 0
configure:12315: result: yes
configure:12235: checking for inet_ntop
configure:12291: gcc -o conftest -g -O2  -D_LARGEFILE64_SOURCE -DNE_LFS  conftest.c   >&5
configure:12297: $? = 0
configure:12315: result: yes
configure:12456: IPv6 support is enabled
configure:12464: checking for working AI_ADDRCONFIG
configure:12496: gcc -o conftest -g -O2  -D_LARGEFILE64_SOURCE -DNE_LFS  conftest.c  >&5
conftest.c: In function 'main':
conftest.c:94: error: 'NULL' undeclared (first use in this function)
conftest.c:94: error: (Each undeclared identifier is reported only once
conftest.c:94: error: for each function it appears in.)
configure:12499: $? = 1
configure: program exited with status 1
configure: failed program was:
| /* confdefs.h.  */
| #define PACKAGE_NAME "litmus"
| #define PACKAGE_TARNAME "litmus"
| #define PACKAGE_VERSION "0.12.1"
| #define PACKAGE_STRING "litmus 0.12.1"
| #define PACKAGE_BUGREPORT "litmus@lists.manyfish.co.uk"
| #define _GNU_SOURCE 1
| #define STDC_HEADERS 1
| #define HAVE_SYS_TYPES_H 1
| #define HAVE_SYS_STAT_H 1
| #define HAVE_STDLIB_H 1
| #define HAVE_STRING_H 1
| #define HAVE_MEMORY_H 1
| #define HAVE_STRINGS_H 1
| #define HAVE_INTTYPES_H 1
| #define HAVE_STDINT_H 1
| #define HAVE_UNISTD_H 1
| #define SIZEOF_INT 4
| #define SIZEOF_LONG 4
| #define SIZEOF_LONG_LONG 8
| #define HAVE_ERRNO_H 1
| #define HAVE_STDARG_H 1
| #define HAVE_STRING_H 1
| #define HAVE_STDLIB_H 1
| #define SIZEOF_SIZE_T 4
| #define NE_FMT_SIZE_T "u"
| #define SIZEOF_OFF_T 4
| #define NE_FMT_OFF_T "ld"
| #define SIZEOF_SSIZE_T 4
| #define NE_FMT_SSIZE_T "d"
| #define SIZEOF_TIME_T 4
| #define NE_FMT_TIME_T "ld"
| #define TIME_WITH_SYS_TIME 1
| #define HAVE_SYS_TIME_H 1
| #define HAVE_STDINT_H 1
| #define HAVE_LOCALE_H 1
| #define HAVE_PIPE 1
| #define HAVE_ISATTY 1
| #define HAVE_USLEEP 1
| #define HAVE_SHUTDOWN 1
| #define HAVE_SETLOCALE 1
| #define HAVE_DECL_STRERROR_R 1
| #define HAVE_STRERROR_R 1
| #define STRERROR_R_CHAR_P 1
| #define HAVE_SNPRINTF 1
| #define HAVE_VSNPRINTF 1
| #define NEON_VERSION "0.28.4"
| #define NE_VERSION_MAJOR (0)
| #define NE_VERSION_MINOR (28)
| #define NE_VERSION_PATCH (4)
| #define HAVE_SYS_TIME_H 1
| #define HAVE_LIMITS_H 1
| #define HAVE_SYS_SELECT_H 1
| #define HAVE_ARPA_INET_H 1
| #define HAVE_LIBINTL_H 1
| #define HAVE_SIGNAL_H 1
| #define HAVE_SYS_SOCKET_H 1
| #define HAVE_NETINET_IN_H 1
| #define HAVE_NETINET_TCP_H 1
| #define HAVE_NETDB_H 1
| #define HAVE_SYS_POLL_H 1
| #define HAVE_FCNTL_H 1
| #define HAVE_ICONV_H 1
| #define HAVE_TIMEZONE 1
| #define SIZEOF_OFF64_T 8
| #define NE_FMT_OFF64_T "lld"
| #define HAVE_STRTOLL 1
| #define HAVE_LSEEK64 1
| #define HAVE_FSTAT64 1
| #define NE_HAVE_LFS 1
| #define NE_FMT_NE_OFF_T NE_FMT_OFF64_T
| #define HAVE_STRCASECMP 1
| #define HAVE_SIGNAL 1
| #define HAVE_SETVBUF 1
| #define HAVE_SETSOCKOPT 1
| #define HAVE_STPCPY 1
| #define HAVE_POLL 1
| #define HAVE_FCNTL 1
| #define HAVE_GETSOCKOPT 1
| #define NE_USE_POLL 1
| #define HAVE_DECL_STPCPY 1
| #define HAVE_GAI_STRERROR 1
| #define HAVE_GETNAMEINFO 1
| #define HAVE_INET_NTOP 1
| #define NE_HAVE_IPV6 1
| #define USE_GETADDRINFO 1
| /* end confdefs.h.  */
| #include <netdb.h>
| int
| main ()
| {
| struct addrinfo hints = {0}, *result;
| hints.ai_flags = AI_ADDRCONFIG;
| if (getaddrinfo("localhost", NULL, &hints, &result) != 0) return 1;
|   ;
|   return 0;
| }
configure:12524: result: no
configure:13023: checking for socklen_t
configure:13061: gcc -c -g -O2  -D_LARGEFILE64_SOURCE -DNE_LFS conftest.c >&5
configure:13067: $? = 0
configure:13082: result: yes
configure:13101: checking for struct tm.tm_gmtoff
configure:13130: gcc -c -g -O2  -D_LARGEFILE64_SOURCE -DNE_LFS conftest.c >&5
configure:13136: $? = 0
configure:13194: result: yes
configure:13204: checking for struct tm.__tm_gmtoff
configure:13233: gcc -c -g -O2  -D_LARGEFILE64_SOURCE -DNE_LFS conftest.c >&5
conftest.c: In function 'main':
conftest.c:96: error: 'struct tm' has no member named '__tm_gmtoff'
configure:13239: $? = 1
configure: failed program was:
| /* confdefs.h.  */
| #define PACKAGE_NAME "litmus"
| #define PACKAGE_TARNAME "litmus"
| #define PACKAGE_VERSION "0.12.1"
| #define PACKAGE_STRING "litmus 0.12.1"
| #define PACKAGE_BUGREPORT "litmus@lists.manyfish.co.uk"
| #define _GNU_SOURCE 1
| #define STDC_HEADERS 1
| #define HAVE_SYS_TYPES_H 1
| #define HAVE_SYS_STAT_H 1
| #define HAVE_STDLIB_H 1
| #define HAVE_STRING_H 1
| #define HAVE_MEMORY_H 1
| #define HAVE_STRINGS_H 1
| #define HAVE_INTTYPES_H 1
| #define HAVE_STDINT_H 1
| #define HAVE_UNISTD_H 1
| #define SIZEOF_INT 4
| #define SIZEOF_LONG 4
| #define SIZEOF_LONG_LONG 8
| #define HAVE_ERRNO_H 1
| #define HAVE_STDARG_H 1
| #define HAVE_STRING_H 1
| #define HAVE_STDLIB_H 1
| #define SIZEOF_SIZE_T 4
| #define NE_FMT_SIZE_T "u"
| #define SIZEOF_OFF_T 4
| #define NE_FMT_OFF_T "ld"
| #define SIZEOF_SSIZE_T 4
| #define NE_FMT_SSIZE_T "d"
| #define SIZEOF_TIME_T 4
| #define NE_FMT_TIME_T "ld"
| #define TIME_WITH_SYS_TIME 1
| #define HAVE_SYS_TIME_H 1
| #define HAVE_STDINT_H 1
| #define HAVE_LOCALE_H 1
| #define HAVE_PIPE 1
| #define HAVE_ISATTY 1
| #define HAVE_USLEEP 1
| #define HAVE_SHUTDOWN 1
| #define HAVE_SETLOCALE 1
| #define HAVE_DECL_STRERROR_R 1
| #define HAVE_STRERROR_R 1
| #define STRERROR_R_CHAR_P 1
| #define HAVE_SNPRINTF 1
| #define HAVE_VSNPRINTF 1
| #define NEON_VERSION "0.28.4"
| #define NE_VERSION_MAJOR (0)
| #define NE_VERSION_MINOR (28)
| #define NE_VERSION_PATCH (4)
| #define HAVE_SYS_TIME_H 1
| #define HAVE_LIMITS_H 1
| #define HAVE_SYS_SELECT_H 1
| #define HAVE_ARPA_INET_H 1
| #define HAVE_LIBINTL_H 1
| #define HAVE_SIGNAL_H 1
| #define HAVE_SYS_SOCKET_H 1
| #define HAVE_NETINET_IN_H 1
| #define HAVE_NETINET_TCP_H 1
| #define HAVE_NETDB_H 1
| #define HAVE_SYS_POLL_H 1
| #define HAVE_FCNTL_H 1
| #define HAVE_ICONV_H 1
| #define HAVE_TIMEZONE 1
| #define SIZEOF_OFF64_T 8
| #define NE_FMT_OFF64_T "lld"
| #define HAVE_STRTOLL 1
| #define HAVE_LSEEK64 1
| #define HAVE_FSTAT64 1
| #define NE_HAVE_LFS 1
| #define NE_FMT_NE_OFF_T NE_FMT_OFF64_T
| #define HAVE_STRCASECMP 1
| #define HAVE_SIGNAL 1
| #define HAVE_SETVBUF 1
| #define HAVE_SETSOCKOPT 1
| #define HAVE_STPCPY 1
| #define HAVE_POLL 1
| #define HAVE_FCNTL 1
| #define HAVE_GETSOCKOPT 1
| #define NE_USE_POLL 1
| #define HAVE_DECL_STPCPY 1
| #define HAVE_GAI_STRERROR 1
| #define HAVE_GETNAMEINFO 1
| #define HAVE_INET_NTOP 1
| #define NE_HAVE_IPV6 1
| #define USE_GETADDRINFO 1
| #define HAVE_SOCKLEN_T 1
| #define HAVE_STRUCT_TM_TM_GMTOFF 1
| /* end confdefs.h.  */
| #include <time.h>
| 
| int
| main ()
| {
| static struct tm ac_aggr;
| if (ac_aggr.__tm_gmtoff)
| return 0;
|   ;
|   return 0;
| }
configure:13273: gcc -c -g -O2  -D_LARGEFILE64_SOURCE -DNE_LFS conftest.c >&5
conftest.c: In function 'main':
conftest.c:96: error: 'struct tm' has no member named '__tm_gmtoff'
configure:13279: $? = 1
configure: failed program was:
| /* confdefs.h.  */
| #define PACKAGE_NAME "litmus"
| #define PACKAGE_TARNAME "litmus"
| #define PACKAGE_VERSION "0.12.1"
| #define PACKAGE_STRING "litmus 0.12.1"
| #define PACKAGE_BUGREPORT "litmus@lists.manyfish.co.uk"
| #define _GNU_SOURCE 1
| #define STDC_HEADERS 1
| #define HAVE_SYS_TYPES_H 1
| #define HAVE_SYS_STAT_H 1
| #define HAVE_STDLIB_H 1
| #define HAVE_STRING_H 1
| #define HAVE_MEMORY_H 1
| #define HAVE_STRINGS_H 1
| #define HAVE_INTTYPES_H 1
| #define HAVE_STDINT_H 1
| #define HAVE_UNISTD_H 1
| #define SIZEOF_INT 4
| #define SIZEOF_LONG 4
| #define SIZEOF_LONG_LONG 8
| #define HAVE_ERRNO_H 1
| #define HAVE_STDARG_H 1
| #define HAVE_STRING_H 1
| #define HAVE_STDLIB_H 1
| #define SIZEOF_SIZE_T 4
| #define NE_FMT_SIZE_T "u"
| #define SIZEOF_OFF_T 4
| #define NE_FMT_OFF_T "ld"
| #define SIZEOF_SSIZE_T 4
| #define NE_FMT_SSIZE_T "d"
| #define SIZEOF_TIME_T 4
| #define NE_FMT_TIME_T "ld"
| #define TIME_WITH_SYS_TIME 1
| #define HAVE_SYS_TIME_H 1
| #define HAVE_STDINT_H 1
| #define HAVE_LOCALE_H 1
| #define HAVE_PIPE 1
| #define HAVE_ISATTY 1
| #define HAVE_USLEEP 1
| #define HAVE_SHUTDOWN 1
| #define HAVE_SETLOCALE 1
| #define HAVE_DECL_STRERROR_R 1
| #define HAVE_STRERROR_R 1
| #define STRERROR_R_CHAR_P 1
| #define HAVE_SNPRINTF 1
| #define HAVE_VSNPRINTF 1
| #define NEON_VERSION "0.28.4"
| #define NE_VERSION_MAJOR (0)
| #define NE_VERSION_MINOR (28)
| #define NE_VERSION_PATCH (4)
| #define HAVE_SYS_TIME_H 1
| #define HAVE_LIMITS_H 1
| #define HAVE_SYS_SELECT_H 1
| #define HAVE_ARPA_INET_H 1
| #define HAVE_LIBINTL_H 1
| #define HAVE_SIGNAL_H 1
| #define HAVE_SYS_SOCKET_H 1
| #define HAVE_NETINET_IN_H 1
| #define HAVE_NETINET_TCP_H 1
| #define HAVE_NETDB_H 1
| #define HAVE_SYS_POLL_H 1
| #define HAVE_FCNTL_H 1
| #define HAVE_ICONV_H 1
| #define HAVE_TIMEZONE 1
| #define SIZEOF_OFF64_T 8
| #define NE_FMT_OFF64_T "lld"
| #define HAVE_STRTOLL 1
| #define HAVE_LSEEK64 1
| #define HAVE_FSTAT64 1
| #define NE_HAVE_LFS 1
| #define NE_FMT_NE_OFF_T NE_FMT_OFF64_T
| #define HAVE_STRCASECMP 1
| #define HAVE_SIGNAL 1
| #define HAVE_SETVBUF 1
| #define HAVE_SETSOCKOPT 1
| #define HAVE_STPCPY 1
| #define HAVE_POLL 1
| #define HAVE_FCNTL 1
| #define HAVE_GETSOCKOPT 1
| #define NE_USE_POLL 1
| #define HAVE_DECL_STPCPY 1
| #define HAVE_GAI_STRERROR 1
| #define HAVE_GETNAMEINFO 1
| #define HAVE_INET_NTOP 1
| #define NE_HAVE_IPV6 1
| #define USE_GETADDRINFO 1
| #define HAVE_SOCKLEN_T 1
| #define HAVE_STRUCT_TM_TM_GMTOFF 1
| /* end confdefs.h.  */
| #include <time.h>
| 
| int
| main ()
| {
| static struct tm ac_aggr;
| if (sizeof ac_aggr.__tm_gmtoff)
| return 0;
|   ;
|   return 0;
| }
configure:13297: result: no
configure:13318: zlib not supported
configure:13323: checking whether to enable ACL support in neon
configure:13326: result: no
configure:15051: SSL support is not enabled
configure:15058: Thread-safe SSL support is not enabled
configure:15219: Thread-safe SSL not supported
configure:15562: SOCKSv5 support is not enabled
configure:15576: checking for krb5-config
configure:15595: found /usr/bin/krb5-config
configure:15608: result: /usr/bin/krb5-config
configure:15641: checking gssapi/gssapi.h usability
configure:15658: gcc -c -g -O2  -D_LARGEFILE64_SOURCE -DNE_LFS  conftest.c >&5
configure:15664: $? = 0
configure:15678: result: yes
configure:15682: checking gssapi/gssapi.h presence
configure:15697: gcc -E  -D_LARGEFILE64_SOURCE -DNE_LFS  conftest.c
configure:15703: $? = 0
configure:15717: result: yes
configure:15750: checking for gssapi/gssapi.h
configure:15758: result: yes
configure:15774: checking for gss_init_sec_context
configure:15830: gcc -o conftest -g -O2  -D_LARGEFILE64_SOURCE -DNE_LFS   conftest.c   -Wl,-Bsymbolic-functions -lgssapi_krb5 -lkrb5 -lk5crypto -lcom_err >&5
configure:15836: $? = 0
configure:15854: result: yes
configure:15863: GSSAPI authentication support enabled
configure:15885: checking gssapi/gssapi_generic.h usability
configure:15902: gcc -c -g -O2  -D_LARGEFILE64_SOURCE -DNE_LFS  conftest.c >&5
configure:15908: $? = 0
configure:15922: result: yes
configure:15926: checking gssapi/gssapi_generic.h presence
configure:15941: gcc -E  -D_LARGEFILE64_SOURCE -DNE_LFS  conftest.c
configure:15947: $? = 0
configure:15961: result: yes
configure:15994: checking for gssapi/gssapi_generic.h
configure:16002: result: yes
configure:16016: checking whether GSS_C_NT_HOSTBASED_SERVICE is declared
configure:16050: gcc -c -g -O2  -D_LARGEFILE64_SOURCE -DNE_LFS  conftest.c >&5
configure:16056: $? = 0
configure:16071: result: yes
configure:16163: WebDAV support is enabled
configure:17250: checking expat.h usability
configure:17267: gcc -c -g -O2 -I$(top_srcdir)/lib/neon  -D_LARGEFILE64_SOURCE -DNE_LFS  conftest.c >&5
configure:17273: $? = 0
configure:17287: result: yes
configure:17291: checking expat.h presence
configure:17306: gcc -E  -D_LARGEFILE64_SOURCE -DNE_LFS  conftest.c
configure:17312: $? = 0
configure:17326: result: yes
configure:17359: checking for expat.h
configure:17366: result: yes
configure:17371: checking for XML_SetXmlDeclHandler in -lexpat
configure:17406: gcc -o conftest -g -O2 -I$(top_srcdir)/lib/neon  -D_LARGEFILE64_SOURCE -DNE_LFS   conftest.c -lexpat   >&5
configure:17412: $? = 0
configure:17430: result: yes
configure:17442: checking for XML_Size
configure:17473: gcc -c -g -O2 -I$(top_srcdir)/lib/neon  -D_LARGEFILE64_SOURCE -DNE_LFS  conftest.c >&5
configure:17479: $? = 0
configure:17494: result: yes
configure:17501: checking for XML_Size
configure:17554: result: yes
configure:17561: checking size of XML_Size
configure:17875: gcc -o conftest -g -O2 -I$(top_srcdir)/lib/neon  -D_LARGEFILE64_SOURCE -DNE_LFS   conftest.c  >&5
configure:17878: $? = 0
configure:17884: ./conftest
configure:17887: $? = 0
configure:17910: result: 4
configure:17925: checking how to print XML_Size
configure:17960: gcc -c -g -O2 -I$(top_srcdir)/lib/neon  -D_LARGEFILE64_SOURCE -DNE_LFS  -Wformat -Werror conftest.c >&5
cc1: warnings being treated as errors
conftest.c: In function 'main':
conftest.c:103: error: format '%d' expects type 'int', but argument 2 has type 'XML_Size'
configure:17966: $? = 1
configure: failed program was:
| /* confdefs.h.  */
| #define PACKAGE_NAME "litmus"
| #define PACKAGE_TARNAME "litmus"
| #define PACKAGE_VERSION "0.12.1"
| #define PACKAGE_STRING "litmus 0.12.1"
| #define PACKAGE_BUGREPORT "litmus@lists.manyfish.co.uk"
| #define _GNU_SOURCE 1
| #define STDC_HEADERS 1
| #define HAVE_SYS_TYPES_H 1
| #define HAVE_SYS_STAT_H 1
| #define HAVE_STDLIB_H 1
| #define HAVE_STRING_H 1
| #define HAVE_MEMORY_H 1
| #define HAVE_STRINGS_H 1
| #define HAVE_INTTYPES_H 1
| #define HAVE_STDINT_H 1
| #define HAVE_UNISTD_H 1
| #define SIZEOF_INT 4
| #define SIZEOF_LONG 4
| #define SIZEOF_LONG_LONG 8
| #define HAVE_ERRNO_H 1
| #define HAVE_STDARG_H 1
| #define HAVE_STRING_H 1
| #define HAVE_STDLIB_H 1
| #define SIZEOF_SIZE_T 4
| #define NE_FMT_SIZE_T "u"
| #define SIZEOF_OFF_T 4
| #define NE_FMT_OFF_T "ld"
| #define SIZEOF_SSIZE_T 4
| #define NE_FMT_SSIZE_T "d"
| #define SIZEOF_TIME_T 4
| #define NE_FMT_TIME_T "ld"
| #define TIME_WITH_SYS_TIME 1
| #define HAVE_SYS_TIME_H 1
| #define HAVE_STDINT_H 1
| #define HAVE_LOCALE_H 1
| #define HAVE_PIPE 1
| #define HAVE_ISATTY 1
| #define HAVE_USLEEP 1
| #define HAVE_SHUTDOWN 1
| #define HAVE_SETLOCALE 1
| #define HAVE_DECL_STRERROR_R 1
| #define HAVE_STRERROR_R 1
| #define STRERROR_R_CHAR_P 1
| #define HAVE_SNPRINTF 1
| #define HAVE_VSNPRINTF 1
| #define NEON_VERSION "0.28.4"
| #define NE_VERSION_MAJOR (0)
| #define NE_VERSION_MINOR (28)
| #define NE_VERSION_PATCH (4)
| #define HAVE_SYS_TIME_H 1
| #define HAVE_LIMITS_H 1
| #define HAVE_SYS_SELECT_H 1
| #define HAVE_ARPA_INET_H 1
| #define HAVE_LIBINTL_H 1
| #define HAVE_SIGNAL_H 1
| #define HAVE_SYS_SOCKET_H 1
| #define HAVE_NETINET_IN_H 1
| #define HAVE_NETINET_TCP_H 1
| #define HAVE_NETDB_H 1
| #define HAVE_SYS_POLL_H 1
| #define HAVE_FCNTL_H 1
| #define HAVE_ICONV_H 1
| #define HAVE_TIMEZONE 1
| #define SIZEOF_OFF64_T 8
| #define NE_FMT_OFF64_T "lld"
| #define HAVE_STRTOLL 1
| #define HAVE_LSEEK64 1
| #define HAVE_FSTAT64 1
| #define NE_HAVE_LFS 1
| #define NE_FMT_NE_OFF_T NE_FMT_OFF64_T
| #define HAVE_STRCASECMP 1
| #define HAVE_SIGNAL 1
| #define HAVE_SETVBUF 1
| #define HAVE_SETSOCKOPT 1
| #define HAVE_STPCPY 1
| #define HAVE_POLL 1
| #define HAVE_FCNTL 1
| #define HAVE_GETSOCKOPT 1
| #define NE_USE_POLL 1
| #define HAVE_DECL_STPCPY 1
| #define HAVE_GAI_STRERROR 1
| #define HAVE_GETNAMEINFO 1
| #define HAVE_INET_NTOP 1
| #define NE_HAVE_IPV6 1
| #define USE_GETADDRINFO 1
| #define HAVE_SOCKLEN_T 1
| #define HAVE_STRUCT_TM_TM_GMTOFF 1
| #define HAVE_GSSAPI_GSSAPI_H 1
| #define HAVE_GSS_INIT_SEC_CONTEXT 1
| #define HAVE_GSSAPI 1
| #define HAVE_GSSAPI_GSSAPI_GENERIC_H 1
| #define NE_HAVE_DAV 1
| #define HAVE_EXPAT 1
| #define SIZEOF_XML_SIZE 4
| /* end confdefs.h.  */
| #include <sys/types.h>
| #include <expat.h>
| #include <stdio.h>
| int
| main ()
| {
| XML_Size i = 1; printf("%d", i);
|   ;
|   return 0;
| }
configure:17960: gcc -c -g -O2 -I$(top_srcdir)/lib/neon  -D_LARGEFILE64_SOURCE -DNE_LFS  -Wformat -Werror conftest.c >&5
configure:17966: $? = 0
configure:17993: result: ld
configure:18498: XML parser used: expat
configure:18513: checking for getopt_long
configure:18569: gcc -o conftest -g -O2 -I$(top_srcdir)/lib/neon  -D_LARGEFILE64_SOURCE -DNE_LFS   conftest.c  >&5
configure:18575: $? = 0
configure:18592: result: yes
configure:18616: checking for long long
configure:18669: result: yes
configure:18676: checking size of long long
configure:19025: result: 8
configure:19040: checking how to print long long
configure:19075: gcc -c -g -O2 -I$(top_srcdir)/lib/neon  -D_LARGEFILE64_SOURCE -DNE_LFS  -Wformat -Werror conftest.c >&5
cc1: warnings being treated as errors
conftest.c: In function 'main':
conftest.c:105: error: format '%d' expects type 'int', but argument 2 has type 'long long int'
configure:19081: $? = 1
configure: failed program was:
| /* confdefs.h.  */
| #define PACKAGE_NAME "litmus"
| #define PACKAGE_TARNAME "litmus"
| #define PACKAGE_VERSION "0.12.1"
| #define PACKAGE_STRING "litmus 0.12.1"
| #define PACKAGE_BUGREPORT "litmus@lists.manyfish.co.uk"
| #define _GNU_SOURCE 1
| #define STDC_HEADERS 1
| #define HAVE_SYS_TYPES_H 1
| #define HAVE_SYS_STAT_H 1
| #define HAVE_STDLIB_H 1
| #define HAVE_STRING_H 1
| #define HAVE_MEMORY_H 1
| #define HAVE_STRINGS_H 1
| #define HAVE_INTTYPES_H 1
| #define HAVE_STDINT_H 1
| #define HAVE_UNISTD_H 1
| #define SIZEOF_INT 4
| #define SIZEOF_LONG 4
| #define SIZEOF_LONG_LONG 8
| #define HAVE_ERRNO_H 1
| #define HAVE_STDARG_H 1
| #define HAVE_STRING_H 1
| #define HAVE_STDLIB_H 1
| #define SIZEOF_SIZE_T 4
| #define NE_FMT_SIZE_T "u"
| #define SIZEOF_OFF_T 4
| #define NE_FMT_OFF_T "ld"
| #define SIZEOF_SSIZE_T 4
| #define NE_FMT_SSIZE_T "d"
| #define SIZEOF_TIME_T 4
| #define NE_FMT_TIME_T "ld"
| #define TIME_WITH_SYS_TIME 1
| #define HAVE_SYS_TIME_H 1
| #define HAVE_STDINT_H 1
| #define HAVE_LOCALE_H 1
| #define HAVE_PIPE 1
| #define HAVE_ISATTY 1
| #define HAVE_USLEEP 1
| #define HAVE_SHUTDOWN 1
| #define HAVE_SETLOCALE 1
| #define HAVE_DECL_STRERROR_R 1
| #define HAVE_STRERROR_R 1
| #define STRERROR_R_CHAR_P 1
| #define HAVE_SNPRINTF 1
| #define HAVE_VSNPRINTF 1
| #define NEON_VERSION "0.28.4"
| #define NE_VERSION_MAJOR (0)
| #define NE_VERSION_MINOR (28)
| #define NE_VERSION_PATCH (4)
| #define HAVE_SYS_TIME_H 1
| #define HAVE_LIMITS_H 1
| #define HAVE_SYS_SELECT_H 1
| #define HAVE_ARPA_INET_H 1
| #define HAVE_LIBINTL_H 1
| #define HAVE_SIGNAL_H 1
| #define HAVE_SYS_SOCKET_H 1
| #define HAVE_NETINET_IN_H 1
| #define HAVE_NETINET_TCP_H 1
| #define HAVE_NETDB_H 1
| #define HAVE_SYS_POLL_H 1
| #define HAVE_FCNTL_H 1
| #define HAVE_ICONV_H 1
| #define HAVE_TIMEZONE 1
| #define SIZEOF_OFF64_T 8
| #define NE_FMT_OFF64_T "lld"
| #define HAVE_STRTOLL 1
| #define HAVE_LSEEK64 1
| #define HAVE_FSTAT64 1
| #define NE_HAVE_LFS 1
| #define NE_FMT_NE_OFF_T NE_FMT_OFF64_T
| #define HAVE_STRCASECMP 1
| #define HAVE_SIGNAL 1
| #define HAVE_SETVBUF 1
| #define HAVE_SETSOCKOPT 1
| #define HAVE_STPCPY 1
| #define HAVE_POLL 1
| #define HAVE_FCNTL 1
| #define HAVE_GETSOCKOPT 1
| #define NE_USE_POLL 1
| #define HAVE_DECL_STPCPY 1
| #define HAVE_GAI_STRERROR 1
| #define HAVE_GETNAMEINFO 1
| #define HAVE_INET_NTOP 1
| #define NE_HAVE_IPV6 1
| #define USE_GETADDRINFO 1
| #define HAVE_SOCKLEN_T 1
| #define HAVE_STRUCT_TM_TM_GMTOFF 1
| #define HAVE_GSSAPI_GSSAPI_H 1
| #define HAVE_GSS_INIT_SEC_CONTEXT 1
| #define HAVE_GSSAPI 1
| #define HAVE_GSSAPI_GSSAPI_GENERIC_H 1
| #define NE_HAVE_DAV 1
| #define HAVE_EXPAT 1
| #define SIZEOF_XML_SIZE 4
| #define NE_FMT_XML_SIZE "ld"
| #define SIZEOF_LONG_LONG 8
| /* end confdefs.h.  */
| #include <sys/types.h>
| 
| #include <stdio.h>
| int
| main ()
| {
| long long i = 1; printf("%d", i);
|   ;
|   return 0;
| }
configure:19075: gcc -c -g -O2 -I$(top_srcdir)/lib/neon  -D_LARGEFILE64_SOURCE -DNE_LFS  -Wformat -Werror conftest.c >&5
cc1: warnings being treated as errors
conftest.c: In function 'main':
conftest.c:105: error: format '%ld' expects type 'long int', but argument 2 has type 'long long int'
configure:19081: $? = 1
configure: failed program was:
| /* confdefs.h.  */
| #define PACKAGE_NAME "litmus"
| #define PACKAGE_TARNAME "litmus"
| #define PACKAGE_VERSION "0.12.1"
| #define PACKAGE_STRING "litmus 0.12.1"
| #define PACKAGE_BUGREPORT "litmus@lists.manyfish.co.uk"
| #define _GNU_SOURCE 1
| #define STDC_HEADERS 1
| #define HAVE_SYS_TYPES_H 1
| #define HAVE_SYS_STAT_H 1
| #define HAVE_STDLIB_H 1
| #define HAVE_STRING_H 1
| #define HAVE_MEMORY_H 1
| #define HAVE_STRINGS_H 1
| #define HAVE_INTTYPES_H 1
| #define HAVE_STDINT_H 1
| #define HAVE_UNISTD_H 1
| #define SIZEOF_INT 4
| #define SIZEOF_LONG 4
| #define SIZEOF_LONG_LONG 8
| #define HAVE_ERRNO_H 1
| #define HAVE_STDARG_H 1
| #define HAVE_STRING_H 1
| #define HAVE_STDLIB_H 1
| #define SIZEOF_SIZE_T 4
| #define NE_FMT_SIZE_T "u"
| #define SIZEOF_OFF_T 4
| #define NE_FMT_OFF_T "ld"
| #define SIZEOF_SSIZE_T 4
| #define NE_FMT_SSIZE_T "d"
| #define SIZEOF_TIME_T 4
| #define NE_FMT_TIME_T "ld"
| #define TIME_WITH_SYS_TIME 1
| #define HAVE_SYS_TIME_H 1
| #define HAVE_STDINT_H 1
| #define HAVE_LOCALE_H 1
| #define HAVE_PIPE 1
| #define HAVE_ISATTY 1
| #define HAVE_USLEEP 1
| #define HAVE_SHUTDOWN 1
| #define HAVE_SETLOCALE 1
| #define HAVE_DECL_STRERROR_R 1
| #define HAVE_STRERROR_R 1
| #define STRERROR_R_CHAR_P 1
| #define HAVE_SNPRINTF 1
| #define HAVE_VSNPRINTF 1
| #define NEON_VERSION "0.28.4"
| #define NE_VERSION_MAJOR (0)
| #define NE_VERSION_MINOR (28)
| #define NE_VERSION_PATCH (4)
| #define HAVE_SYS_TIME_H 1
| #define HAVE_LIMITS_H 1
| #define HAVE_SYS_SELECT_H 1
| #define HAVE_ARPA_INET_H 1
| #define HAVE_LIBINTL_H 1
| #define HAVE_SIGNAL_H 1
| #define HAVE_SYS_SOCKET_H 1
| #define HAVE_NETINET_IN_H 1
| #define HAVE_NETINET_TCP_H 1
| #define HAVE_NETDB_H 1
| #define HAVE_SYS_POLL_H 1
| #define HAVE_FCNTL_H 1
| #define HAVE_ICONV_H 1
| #define HAVE_TIMEZONE 1
| #define SIZEOF_OFF64_T 8
| #define NE_FMT_OFF64_T "lld"
| #define HAVE_STRTOLL 1
| #define HAVE_LSEEK64 1
| #define HAVE_FSTAT64 1
| #define NE_HAVE_LFS 1
| #define NE_FMT_NE_OFF_T NE_FMT_OFF64_T
| #define HAVE_STRCASECMP 1
| #define HAVE_SIGNAL 1
| #define HAVE_SETVBUF 1
| #define HAVE_SETSOCKOPT 1
| #define HAVE_STPCPY 1
| #define HAVE_POLL 1
| #define HAVE_FCNTL 1
| #define HAVE_GETSOCKOPT 1
| #define NE_USE_POLL 1
| #define HAVE_DECL_STPCPY 1
| #define HAVE_GAI_STRERROR 1
| #define HAVE_GETNAMEINFO 1
| #define HAVE_INET_NTOP 1
| #define NE_HAVE_IPV6 1
| #define USE_GETADDRINFO 1
| #define HAVE_SOCKLEN_T 1
| #define HAVE_STRUCT_TM_TM_GMTOFF 1
| #define HAVE_GSSAPI_GSSAPI_H 1
| #define HAVE_GSS_INIT_SEC_CONTEXT 1
| #define HAVE_GSSAPI 1
| #define HAVE_GSSAPI_GSSAPI_GENERIC_H 1
| #define NE_HAVE_DAV 1
| #define HAVE_EXPAT 1
| #define SIZEOF_XML_SIZE 4
| #define NE_FMT_XML_SIZE "ld"
| #define SIZEOF_LONG_LONG 8
| /* end confdefs.h.  */
| #include <sys/types.h>
| 
| #include <stdio.h>
| int
| main ()
| {
| long long i = 1; printf("%ld", i);
|   ;
|   return 0;
| }
configure:19075: gcc -c -g -O2 -I$(top_srcdir)/lib/neon  -D_LARGEFILE64_SOURCE -DNE_LFS  -Wformat -Werror conftest.c >&5
configure:19081: $? = 0
configure:19108: result: lld
configure:19136: debugging is enabled
configure:19280: creating ./config.status

## ---------------------- ##
## Running config.status. ##
## ---------------------- ##

This file was extended by litmus config.status 0.12.1, which was
generated by GNU Autoconf 2.61.  Invocation command line was

  CONFIG_FILES    = 
  CONFIG_HEADERS  = 
  CONFIG_LINKS    = 
  CONFIG_COMMANDS = 
  $ ./config.status 

on xantus-t500

config.status:623: creating litmus
config.status:623: creating Makefile
config.status:623: creating lib/neon/Makefile
config.status:623: creating config.h
configure:20320: Configured to build litmus 0.12.1:

  Install prefix:  /usr/local
  Compiler:        gcc
  neon library:    included libneon (0.28.4)
  XML parser:      expat
  SSL library:     SSL support is not enabled


## ---------------- ##
## Cache variables. ##
## ---------------- ##

ac_cv_c_bigendian=no
ac_cv_c_compiler_gnu=yes
ac_cv_c_const=yes
ac_cv_c_inline=inline
ac_cv_env_CC_set=
ac_cv_env_CC_value=
ac_cv_env_CFLAGS_set=
ac_cv_env_CFLAGS_value=
ac_cv_env_CPPFLAGS_set=
ac_cv_env_CPPFLAGS_value=
ac_cv_env_CPP_set=
ac_cv_env_CPP_value=
ac_cv_env_LDFLAGS_set=
ac_cv_env_LDFLAGS_value=
ac_cv_env_LIBS_set=
ac_cv_env_LIBS_value=
ac_cv_env_build_alias_set=
ac_cv_env_build_alias_value=
ac_cv_env_host_alias_set=
ac_cv_env_host_alias_value=
ac_cv_env_target_alias_set=
ac_cv_env_target_alias_value=
ac_cv_func_fcntl=yes
ac_cv_func_fstat64=yes
ac_cv_func_gai_strerror=yes
ac_cv_func_getnameinfo=yes
ac_cv_func_getopt_long=yes
ac_cv_func_getsockopt=yes
ac_cv_func_gss_init_sec_context=yes
ac_cv_func_inet_ntop=yes
ac_cv_func_isatty=yes
ac_cv_func_lseek64=yes
ac_cv_func_pipe=yes
ac_cv_func_poll=yes
ac_cv_func_setlocale=yes
ac_cv_func_setsockopt=yes
ac_cv_func_setvbuf=yes
ac_cv_func_shutdown=yes
ac_cv_func_signal=yes
ac_cv_func_snprintf=yes
ac_cv_func_stpcpy=yes
ac_cv_func_strcasecmp=yes
ac_cv_func_strerror_r=yes
ac_cv_func_strerror_r_char_p=yes
ac_cv_func_strtoll=yes
ac_cv_func_usleep=yes
ac_cv_func_vsnprintf=yes
ac_cv_have_decl_GSS_C_NT_HOSTBASED_SERVICE=yes
ac_cv_have_decl_stpcpy=yes
ac_cv_have_decl_strerror_r=yes
ac_cv_header_arpa_inet_h=yes
ac_cv_header_errno_h=yes
ac_cv_header_expat_h=yes
ac_cv_header_fcntl_h=yes
ac_cv_header_gssapi_gssapi_generic_h=yes
ac_cv_header_gssapi_gssapi_h=yes
ac_cv_header_iconv_h=yes
ac_cv_header_inttypes_h=yes
ac_cv_header_libintl_h=yes
ac_cv_header_limits_h=yes
ac_cv_header_locale_h=yes
ac_cv_header_memory_h=yes
ac_cv_header_netdb_h=yes
ac_cv_header_netinet_in_h=yes
ac_cv_header_netinet_tcp_h=yes
ac_cv_header_signal_h=yes
ac_cv_header_stdarg_h=yes
ac_cv_header_stdc=yes
ac_cv_header_stdint_h=yes
ac_cv_header_stdlib_h=yes
ac_cv_header_string_h=yes
ac_cv_header_strings_h=yes
ac_cv_header_sys_limits_h=no
ac_cv_header_sys_poll_h=yes
ac_cv_header_sys_select_h=yes
ac_cv_header_sys_socket_h=yes
ac_cv_header_sys_stat_h=yes
ac_cv_header_sys_time_h=yes
ac_cv_header_sys_types_h=yes
ac_cv_header_time=yes
ac_cv_header_unistd_h=yes
ac_cv_lib_expat_XML_SetXmlDeclHandler=yes
ac_cv_member_struct_tm___tm_gmtoff=no
ac_cv_member_struct_tm_tm_gmtoff=yes
ac_cv_objext=o
ac_cv_path_EGREP='/bin/grep -E'
ac_cv_path_GREP=/bin/grep
ac_cv_path_KRB5_CONFIG=/usr/bin/krb5-config
ac_cv_path_NEON_CONFIG=none
ac_cv_path_ac_pt_AR=/usr/bin/ar
ac_cv_path_ac_pt_RANLIB=/usr/bin/ranlib
ac_cv_path_install='/usr/bin/install -c'
ac_cv_prog_CPP='gcc -E'
ac_cv_prog_ac_ct_CC=gcc
ac_cv_prog_cc_c89=
ac_cv_prog_cc_g=yes
ac_cv_prog_make_make_set=yes
ac_cv_search_strerror='none required'
ac_cv_sizeof_XML_Size=4
ac_cv_sizeof_int=4
ac_cv_sizeof_long=4
ac_cv_sizeof_long_long=8
ac_cv_sizeof_off64_t=8
ac_cv_sizeof_off_t=4
ac_cv_sizeof_size_t=4
ac_cv_sizeof_ssize_t=4
ac_cv_sizeof_time_t=4
ac_cv_type_XML_Size=yes
ac_cv_type_int=yes
ac_cv_type_long=yes
ac_cv_type_long_long=yes
ac_cv_type_off64_t=yes
ac_cv_type_off_t=yes
ac_cv_type_pid_t=yes
ac_cv_type_size_t=yes
ac_cv_type_socklen_t=yes
ac_cv_type_ssize_t=yes
ac_cv_type_time_t=yes
ne_cv_cc_timezone=yes
ne_cv_cc_werror=yes
ne_cv_fmt_XML_Size=ld
ne_cv_fmt_long_long=lld
ne_cv_fmt_off64_t=lld
ne_cv_fmt_off_t=ld
ne_cv_fmt_size_t=u
ne_cv_fmt_ssize_t=d
ne_cv_fmt_time_t=ld
ne_cv_gai_addrconfig=no
ne_cv_libsfor_getaddrinfo='none needed'
ne_cv_libsfor_socket='none needed'
ne_cv_os_uname=Linux

## ----------------- ##
## Output variables. ##
## ----------------- ##

AR='/usr/bin/ar'
CC='gcc'
CFLAGS='-g -O2 -I$(top_srcdir)/lib/neon'
CPP='gcc -E'
CPPFLAGS=' -D_LARGEFILE64_SOURCE -DNE_LFS  -I${top_builddir} -I$(top_srcdir)/lib'
DEFS='-DHAVE_CONFIG_H'
ECHO_C=''
ECHO_N='-n'
ECHO_T=''
EGREP='/bin/grep -E'
EXEEXT=''
GNUTLS_CONFIG=''
GREP='/bin/grep'
INSTALL_DATA='${INSTALL} -m 644'
INSTALL_PROGRAM='${INSTALL}'
INSTALL_SCRIPT='${INSTALL}'
KRB5_CONFIG='/usr/bin/krb5-config'
LDFLAGS=''
LIBOBJS=''
LIBS=''
LTLIBOBJS=''
NEONOBJS=' $(NEON_DAVOBJS)'
NEON_BUILD_BUNDLED='yes'
NEON_CFLAGS=' -D_LARGEFILE64_SOURCE -DNE_LFS'
NEON_CONFIG='none'
NEON_EXTRAOBJS=' ne_stubssl.o'
NEON_LIBS='-Llib/neon -lneon  -Wl,-Bsymbolic-functions -lgssapi_krb5 -lkrb5 -lk5crypto -lcom_err -lexpat'
NEON_LINK_FLAGS=''
NEON_LTLIBS=''
NEON_OBJEXT='o'
NEON_SUPPORTS_SSL=''
NEON_TARGET='libneon.a'
NE_FLAG_DAV='yes'
NE_FLAG_IPV6='yes'
NE_FLAG_LFS='yes'
NE_FLAG_SOCKS='no'
NE_FLAG_SSL='no'
NE_FLAG_TS_SSL='no'
NE_FLAG_ZLIB='no'
OBJEXT='o'
PACKAGE_BUGREPORT='litmus@lists.manyfish.co.uk'
PACKAGE_NAME='litmus'
PACKAGE_STRING='litmus 0.12.1'
PACKAGE_TARNAME='litmus'
PACKAGE_VERSION='0.12.1'
PATH_SEPARATOR=':'
PKG_CONFIG=''
RANLIB='/usr/bin/ranlib'
SET_MAKE=''
SHELL='/bin/bash'
TESTS='basic copymove props locks http'
XML2_CONFIG=''
ac_ct_CC='gcc'
bindir='${exec_prefix}/bin'
build_alias=''
datadir='${datarootdir}'
datarootdir='${prefix}/share'
docdir='${datarootdir}/doc/${PACKAGE_TARNAME}'
dvidir='${docdir}'
exec_prefix='${prefix}'
host_alias=''
htmldir='${docdir}'
includedir='${prefix}/include'
infodir='${datarootdir}/info'
libdir='${exec_prefix}/lib'
libexecdir='${exec_prefix}/libexec'
localedir='${datarootdir}/locale'
localstatedir='${prefix}/var'
mandir='${datarootdir}/man'
oldincludedir='/usr/include'
pdfdir='${docdir}'
prefix='/usr/local'
program_transform_name='s,x,x,'
psdir='${docdir}'
sbindir='${exec_prefix}/sbin'
sharedstatedir='${prefix}/com'
sysconfdir='${prefix}/etc'
target_alias=''

## ----------- ##
## confdefs.h. ##
## ----------- ##

#define PACKAGE_NAME "litmus"
#define PACKAGE_TARNAME "litmus"
#define PACKAGE_VERSION "0.12.1"
#define PACKAGE_STRING "litmus 0.12.1"
#define PACKAGE_BUGREPORT "litmus@lists.manyfish.co.uk"
#define _GNU_SOURCE 1
#define STDC_HEADERS 1
#define HAVE_SYS_TYPES_H 1
#define HAVE_SYS_STAT_H 1
#define HAVE_STDLIB_H 1
#define HAVE_STRING_H 1
#define HAVE_MEMORY_H 1
#define HAVE_STRINGS_H 1
#define HAVE_INTTYPES_H 1
#define HAVE_STDINT_H 1
#define HAVE_UNISTD_H 1
#define SIZEOF_INT 4
#define SIZEOF_LONG 4
#define SIZEOF_LONG_LONG 8
#define HAVE_ERRNO_H 1
#define HAVE_STDARG_H 1
#define HAVE_STRING_H 1
#define HAVE_STDLIB_H 1
#define SIZEOF_SIZE_T 4
#define NE_FMT_SIZE_T "u"
#define SIZEOF_OFF_T 4
#define NE_FMT_OFF_T "ld"
#define SIZEOF_SSIZE_T 4
#define NE_FMT_SSIZE_T "d"
#define SIZEOF_TIME_T 4
#define NE_FMT_TIME_T "ld"
#define TIME_WITH_SYS_TIME 1
#define HAVE_SYS_TIME_H 1
#define HAVE_STDINT_H 1
#define HAVE_LOCALE_H 1
#define HAVE_PIPE 1
#define HAVE_ISATTY 1
#define HAVE_USLEEP 1
#define HAVE_SHUTDOWN 1
#define HAVE_SETLOCALE 1
#define HAVE_DECL_STRERROR_R 1
#define HAVE_STRERROR_R 1
#define STRERROR_R_CHAR_P 1
#define HAVE_SNPRINTF 1
#define HAVE_VSNPRINTF 1
#define NEON_VERSION "0.28.4"
#define NE_VERSION_MAJOR (0)
#define NE_VERSION_MINOR (28)
#define NE_VERSION_PATCH (4)
#define HAVE_SYS_TIME_H 1
#define HAVE_LIMITS_H 1
#define HAVE_SYS_SELECT_H 1
#define HAVE_ARPA_INET_H 1
#define HAVE_LIBINTL_H 1
#define HAVE_SIGNAL_H 1
#define HAVE_SYS_SOCKET_H 1
#define HAVE_NETINET_IN_H 1
#define HAVE_NETINET_TCP_H 1
#define HAVE_NETDB_H 1
#define HAVE_SYS_POLL_H 1
#define HAVE_FCNTL_H 1
#define HAVE_ICONV_H 1
#define HAVE_TIMEZONE 1
#define SIZEOF_OFF64_T 8
#define NE_FMT_OFF64_T "lld"
#define HAVE_STRTOLL 1
#define HAVE_LSEEK64 1
#define HAVE_FSTAT64 1
#define NE_HAVE_LFS 1
#define NE_FMT_NE_OFF_T NE_FMT_OFF64_T
#define HAVE_STRCASECMP 1
#define HAVE_SIGNAL 1
#define HAVE_SETVBUF 1
#define HAVE_SETSOCKOPT 1
#define HAVE_STPCPY 1
#define HAVE_POLL 1
#define HAVE_FCNTL 1
#define HAVE_GETSOCKOPT 1
#define NE_USE_POLL 1
#define HAVE_DECL_STPCPY 1
#define HAVE_GAI_STRERROR 1
#define HAVE_GETNAMEINFO 1
#define HAVE_INET_NTOP 1
#define NE_HAVE_IPV6 1
#define USE_GETADDRINFO 1
#define HAVE_SOCKLEN_T 1
#define HAVE_STRUCT_TM_TM_GMTOFF 1
#define HAVE_GSSAPI_GSSAPI_H 1
#define HAVE_GSS_INIT_SEC_CONTEXT 1
#define HAVE_GSSAPI 1
#define HAVE_GSSAPI_GSSAPI_GENERIC_H 1
#define NE_HAVE_DAV 1
#define HAVE_EXPAT 1
#define SIZEOF_XML_SIZE 4
#define NE_FMT_XML_SIZE "ld"
#define SIZEOF_LONG_LONG 8
#define NE_FMT_LONG_LONG "lld"
#define NE_DEBUGGING 1

configure: exit 0
